{"/home/kushagra.bajpai/Desktop/MajorProject/Frontend/src/App.jsx": {"path":"/home/kushagra.bajpai/Desktop/MajorProject/Frontend/src/App.jsx","statementMap":{"0":{"start":{"line":61,"column":17},"end":{"line":61,"column":55}},"1":{"start":{"line":61,"column":28},"end":{"line":61,"column":54}},"2":{"start":{"line":68,"column":21},"end":{"line":68,"column":63}},"3":{"start":{"line":68,"column":32},"end":{"line":68,"column":62}},"4":{"start":{"line":70,"column":16},"end":{"line":79,"column":1}},"5":{"start":{"line":71,"column":2},"end":{"line":78,"column":4}},"6":{"start":{"line":81,"column":25},"end":{"line":112,"column":1}},"7":{"start":{"line":82,"column":2},"end":{"line":111,"column":4}},"8":{"start":{"line":114,"column":12},"end":{"line":120,"column":1}},"9":{"start":{"line":115,"column":2},"end":{"line":119,"column":4}}},"fnMap":{"0":{"name":"(anonymous_0)","decl":{"start":{"line":61,"column":22},"end":{"line":61,"column":23}},"loc":{"start":{"line":61,"column":28},"end":{"line":61,"column":54}},"line":61},"1":{"name":"(anonymous_1)","decl":{"start":{"line":68,"column":26},"end":{"line":68,"column":27}},"loc":{"start":{"line":68,"column":32},"end":{"line":68,"column":62}},"line":68},"2":{"name":"(anonymous_2)","decl":{"start":{"line":70,"column":16},"end":{"line":70,"column":17}},"loc":{"start":{"line":70,"column":22},"end":{"line":79,"column":1}},"line":70},"3":{"name":"(anonymous_3)","decl":{"start":{"line":81,"column":25},"end":{"line":81,"column":26}},"loc":{"start":{"line":81,"column":31},"end":{"line":112,"column":1}},"line":81},"4":{"name":"(anonymous_4)","decl":{"start":{"line":114,"column":12},"end":{"line":114,"column":13}},"loc":{"start":{"line":114,"column":18},"end":{"line":120,"column":1}},"line":114}},"branchMap":{},"s":{"0":0,"1":0,"2":0,"3":0,"4":0,"5":0,"6":0,"7":0,"8":0,"9":0},"f":{"0":0,"1":0,"2":0,"3":0,"4":0},"b":{}}
,"/home/kushagra.bajpai/Desktop/MajorProject/Frontend/src/main.jsx": {"path":"/home/kushagra.bajpai/Desktop/MajorProject/Frontend/src/main.jsx","statementMap":{"0":{"start":{"line":6,"column":0},"end":{"line":10,"column":2}}},"fnMap":{},"branchMap":{},"s":{"0":0},"f":{},"b":{}}
,"/home/kushagra.bajpai/Desktop/MajorProject/Frontend/src/components/DropBox.jsx": {"path":"/home/kushagra.bajpai/Desktop/MajorProject/Frontend/src/components/DropBox.jsx","statementMap":{"0":{"start":{"line":3,"column":17},"end":{"line":25,"column":1}},"1":{"start":{"line":4,"column":2},"end":{"line":24,"column":4}},"2":{"start":{"line":13,"column":12},"end":{"line":13,"column":36}},"3":{"start":{"line":14,"column":12},"end":{"line":14,"column":28}},"4":{"start":{"line":29,"column":0},"end":{"line":32,"column":2}}},"fnMap":{"0":{"name":"(anonymous_0)","decl":{"start":{"line":3,"column":17},"end":{"line":3,"column":18}},"loc":{"start":{"line":3,"column":45},"end":{"line":25,"column":1}},"line":3},"1":{"name":"(anonymous_1)","decl":{"start":{"line":12,"column":20},"end":{"line":12,"column":21}},"loc":{"start":{"line":12,"column":27},"end":{"line":15,"column":11}},"line":12}},"branchMap":{},"s":{"0":1,"1":2,"2":0,"3":0,"4":1},"f":{"0":2,"1":0},"b":{},"_coverageSchema":"1a1c01bbd47fc00a2c39e90264f33305004495a9","hash":"ea7b422148ddfeb5ff90dec51fe2a53935601e62"}
,"/home/kushagra.bajpai/Desktop/MajorProject/Frontend/src/components/ErrorTable.jsx": {"path":"/home/kushagra.bajpai/Desktop/MajorProject/Frontend/src/components/ErrorTable.jsx","statementMap":{"0":{"start":{"line":4,"column":19},"end":{"line":73,"column":1}},"1":{"start":{"line":5,"column":21},"end":{"line":5,"column":56}},"2":{"start":{"line":6,"column":19},"end":{"line":6,"column":44}},"3":{"start":{"line":7,"column":20},"end":{"line":7,"column":46}},"4":{"start":{"line":9,"column":4},"end":{"line":9,"column":60}},"5":{"start":{"line":11,"column":4},"end":{"line":11,"column":71}},"6":{"start":{"line":13,"column":2},"end":{"line":72,"column":4}},"7":{"start":{"line":41,"column":12},"end":{"line":67,"column":29}},"8":{"start":{"line":52,"column":16},"end":{"line":65,"column":21}},"9":{"start":{"line":75,"column":0},"end":{"line":77,"column":2}}},"fnMap":{"0":{"name":"(anonymous_0)","decl":{"start":{"line":4,"column":19},"end":{"line":4,"column":20}},"loc":{"start":{"line":4,"column":38},"end":{"line":73,"column":1}},"line":4},"1":{"name":"(anonymous_1)","decl":{"start":{"line":40,"column":25},"end":{"line":40,"column":26}},"loc":{"start":{"line":41,"column":12},"end":{"line":67,"column":29}},"line":41},"2":{"name":"(anonymous_2)","decl":{"start":{"line":51,"column":33},"end":{"line":51,"column":34}},"loc":{"start":{"line":52,"column":16},"end":{"line":65,"column":21}},"line":52}},"branchMap":{"0":{"loc":{"start":{"line":42,"column":29},"end":{"line":42,"column":67}},"type":"cond-expr","locations":[{"start":{"line":42,"column":47},"end":{"line":42,"column":55}},{"start":{"line":42,"column":58},"end":{"line":42,"column":67}}],"line":42},"1":{"loc":{"start":{"line":54,"column":29},"end":{"line":54,"column":67}},"type":"cond-expr","locations":[{"start":{"line":54,"column":47},"end":{"line":54,"column":55}},{"start":{"line":54,"column":58},"end":{"line":54,"column":67}}],"line":54}},"s":{"0":0,"1":0,"2":0,"3":0,"4":0,"5":0,"6":0,"7":0,"8":0,"9":0},"f":{"0":0,"1":0,"2":0},"b":{"0":[0,0],"1":[0,0]}}
,"/home/kushagra.bajpai/Desktop/MajorProject/Frontend/src/components/FileTable.jsx": {"path":"/home/kushagra.bajpai/Desktop/MajorProject/Frontend/src/components/FileTable.jsx","statementMap":{"0":{"start":{"line":3,"column":18},"end":{"line":63,"column":1}},"1":{"start":{"line":4,"column":19},"end":{"line":4,"column":32}},"2":{"start":{"line":6,"column":21},"end":{"line":6,"column":56}},"3":{"start":{"line":7,"column":19},"end":{"line":7,"column":44}},"4":{"start":{"line":8,"column":20},"end":{"line":8,"column":46}},"5":{"start":{"line":10,"column":4},"end":{"line":10,"column":60}},"6":{"start":{"line":12,"column":4},"end":{"line":12,"column":71}},"7":{"start":{"line":13,"column":2},"end":{"line":62,"column":4}},"8":{"start":{"line":33,"column":12},"end":{"line":57,"column":17}},"9":{"start":{"line":49,"column":20},"end":{"line":51,"column":22}},"10":{"start":{"line":67,"column":0},"end":{"line":69,"column":2}}},"fnMap":{"0":{"name":"(anonymous_0)","decl":{"start":{"line":3,"column":18},"end":{"line":3,"column":19}},"loc":{"start":{"line":3,"column":37},"end":{"line":63,"column":1}},"line":3},"1":{"name":"(anonymous_1)","decl":{"start":{"line":32,"column":25},"end":{"line":32,"column":26}},"loc":{"start":{"line":33,"column":12},"end":{"line":57,"column":17}},"line":33},"2":{"name":"(anonymous_2)","decl":{"start":{"line":48,"column":27},"end":{"line":48,"column":28}},"loc":{"start":{"line":49,"column":20},"end":{"line":51,"column":22}},"line":49}},"branchMap":{"0":{"loc":{"start":{"line":34,"column":25},"end":{"line":34,"column":63}},"type":"cond-expr","locations":[{"start":{"line":34,"column":43},"end":{"line":34,"column":51}},{"start":{"line":34,"column":54},"end":{"line":34,"column":63}}],"line":34}},"s":{"0":0,"1":0,"2":0,"3":0,"4":0,"5":0,"6":0,"7":0,"8":0,"9":0,"10":0},"f":{"0":0,"1":0,"2":0},"b":{"0":[0,0]}}
,"/home/kushagra.bajpai/Desktop/MajorProject/Frontend/src/components/HomeTable.jsx": {"path":"/home/kushagra.bajpai/Desktop/MajorProject/Frontend/src/components/HomeTable.jsx","statementMap":{"0":{"start":{"line":7,"column":18},"end":{"line":112,"column":1}},"1":{"start":{"line":8,"column":19},"end":{"line":8,"column":32}},"2":{"start":{"line":9,"column":16},"end":{"line":9,"column":45}},"3":{"start":{"line":11,"column":21},"end":{"line":11,"column":56}},"4":{"start":{"line":12,"column":19},"end":{"line":12,"column":44}},"5":{"start":{"line":13,"column":20},"end":{"line":13,"column":46}},"6":{"start":{"line":15,"column":4},"end":{"line":15,"column":60}},"7":{"start":{"line":17,"column":4},"end":{"line":17,"column":71}},"8":{"start":{"line":18,"column":23},"end":{"line":33,"column":3}},"9":{"start":{"line":19,"column":4},"end":{"line":32,"column":5}},"10":{"start":{"line":20,"column":23},"end":{"line":27,"column":7}},"11":{"start":{"line":28,"column":6},"end":{"line":28,"column":41}},"12":{"start":{"line":29,"column":6},"end":{"line":29,"column":22}},"13":{"start":{"line":31,"column":6},"end":{"line":31,"column":33}},"14":{"start":{"line":35,"column":2},"end":{"line":111,"column":4}},"15":{"start":{"line":53,"column":12},"end":{"line":106,"column":17}},"16":{"start":{"line":70,"column":20},"end":{"line":83,"column":22}},"17":{"start":{"line":90,"column":33},"end":{"line":90,"column":54}},"18":{"start":{"line":97,"column":20},"end":{"line":99,"column":22}},"19":{"start":{"line":116,"column":0},"end":{"line":119,"column":2}}},"fnMap":{"0":{"name":"(anonymous_0)","decl":{"start":{"line":7,"column":18},"end":{"line":7,"column":19}},"loc":{"start":{"line":7,"column":48},"end":{"line":112,"column":1}},"line":7},"1":{"name":"(anonymous_1)","decl":{"start":{"line":18,"column":23},"end":{"line":18,"column":24}},"loc":{"start":{"line":18,"column":37},"end":{"line":33,"column":3}},"line":18},"2":{"name":"(anonymous_2)","decl":{"start":{"line":52,"column":26},"end":{"line":52,"column":27}},"loc":{"start":{"line":53,"column":12},"end":{"line":106,"column":17}},"line":53},"3":{"name":"(anonymous_3)","decl":{"start":{"line":69,"column":27},"end":{"line":69,"column":28}},"loc":{"start":{"line":70,"column":20},"end":{"line":83,"column":22}},"line":70},"4":{"name":"(anonymous_4)","decl":{"start":{"line":90,"column":27},"end":{"line":90,"column":28}},"loc":{"start":{"line":90,"column":33},"end":{"line":90,"column":54}},"line":90},"5":{"name":"(anonymous_5)","decl":{"start":{"line":96,"column":27},"end":{"line":96,"column":28}},"loc":{"start":{"line":97,"column":20},"end":{"line":99,"column":22}},"line":97}},"branchMap":{"0":{"loc":{"start":{"line":54,"column":25},"end":{"line":54,"column":63}},"type":"cond-expr","locations":[{"start":{"line":54,"column":43},"end":{"line":54,"column":51}},{"start":{"line":54,"column":54},"end":{"line":54,"column":63}}],"line":54}},"s":{"0":1,"1":2,"2":2,"3":2,"4":2,"5":2,"6":2,"7":2,"8":2,"9":0,"10":0,"11":0,"12":0,"13":0,"14":2,"15":0,"16":0,"17":0,"18":0,"19":1},"f":{"0":2,"1":0,"2":0,"3":0,"4":0,"5":0},"b":{"0":[0,0]},"_coverageSchema":"1a1c01bbd47fc00a2c39e90264f33305004495a9","hash":"debeba70f50417d4be9206dd2152f6d3d459f1f3"}
,"/home/kushagra.bajpai/Desktop/MajorProject/Frontend/src/components/Protected.jsx": {"path":"/home/kushagra.bajpai/Desktop/MajorProject/Frontend/src/components/Protected.jsx","statementMap":{"0":{"start":{"line":6,"column":18},"end":{"line":28,"column":1}},"1":{"start":{"line":7,"column":19},"end":{"line":7,"column":32}},"2":{"start":{"line":9,"column":2},"end":{"line":17,"column":9}},"3":{"start":{"line":10,"column":4},"end":{"line":16,"column":7}},"4":{"start":{"line":11,"column":6},"end":{"line":15,"column":7}},"5":{"start":{"line":12,"column":8},"end":{"line":12,"column":22}},"6":{"start":{"line":14,"column":8},"end":{"line":14,"column":27}},"7":{"start":{"line":18,"column":2},"end":{"line":27,"column":4}}},"fnMap":{"0":{"name":"(anonymous_0)","decl":{"start":{"line":6,"column":18},"end":{"line":6,"column":19}},"loc":{"start":{"line":6,"column":24},"end":{"line":28,"column":1}},"line":6},"1":{"name":"(anonymous_1)","decl":{"start":{"line":9,"column":12},"end":{"line":9,"column":13}},"loc":{"start":{"line":9,"column":18},"end":{"line":17,"column":3}},"line":9},"2":{"name":"(anonymous_2)","decl":{"start":{"line":10,"column":23},"end":{"line":10,"column":24}},"loc":{"start":{"line":10,"column":32},"end":{"line":16,"column":5}},"line":10}},"branchMap":{"0":{"loc":{"start":{"line":11,"column":6},"end":{"line":15,"column":7}},"type":"if","locations":[{"start":{"line":11,"column":6},"end":{"line":15,"column":7}},{"start":{"line":13,"column":13},"end":{"line":15,"column":7}}],"line":11}},"s":{"0":0,"1":0,"2":0,"3":0,"4":0,"5":0,"6":0,"7":0},"f":{"0":0,"1":0,"2":0},"b":{"0":[0,0]}}
,"/home/kushagra.bajpai/Desktop/MajorProject/Frontend/src/components/SearchBar.jsx": {"path":"/home/kushagra.bajpai/Desktop/MajorProject/Frontend/src/components/SearchBar.jsx","statementMap":{"0":{"start":{"line":2,"column":18},"end":{"line":16,"column":1}},"1":{"start":{"line":3,"column":2},"end":{"line":15,"column":4}},"2":{"start":{"line":10,"column":10},"end":{"line":10,"column":36}},"3":{"start":{"line":11,"column":10},"end":{"line":11,"column":26}},"4":{"start":{"line":20,"column":0},"end":{"line":23,"column":2}}},"fnMap":{"0":{"name":"(anonymous_0)","decl":{"start":{"line":2,"column":18},"end":{"line":2,"column":19}},"loc":{"start":{"line":2,"column":48},"end":{"line":16,"column":1}},"line":2},"1":{"name":"(anonymous_1)","decl":{"start":{"line":9,"column":18},"end":{"line":9,"column":19}},"loc":{"start":{"line":9,"column":25},"end":{"line":12,"column":9}},"line":9}},"branchMap":{},"s":{"0":1,"1":2,"2":1,"3":1,"4":1},"f":{"0":2,"1":1},"b":{},"_coverageSchema":"1a1c01bbd47fc00a2c39e90264f33305004495a9","hash":"4d17030c44f7ac4e7b3e343c4a348a78e84f1f60"}
,"/home/kushagra.bajpai/Desktop/MajorProject/Frontend/src/helpers/verify.js": {"path":"/home/kushagra.bajpai/Desktop/MajorProject/Frontend/src/helpers/verify.js","statementMap":{"0":{"start":{"line":1,"column":20},"end":{"line":20,"column":1}},"1":{"start":{"line":2,"column":16},"end":{"line":2,"column":45}},"2":{"start":{"line":3,"column":2},"end":{"line":5,"column":3}},"3":{"start":{"line":4,"column":4},"end":{"line":4,"column":17}},"4":{"start":{"line":6,"column":2},"end":{"line":19,"column":3}},"5":{"start":{"line":7,"column":16},"end":{"line":13,"column":6}},"6":{"start":{"line":14,"column":17},"end":{"line":14,"column":33}},"7":{"start":{"line":15,"column":4},"end":{"line":15,"column":22}},"8":{"start":{"line":17,"column":4},"end":{"line":17,"column":49}},"9":{"start":{"line":18,"column":4},"end":{"line":18,"column":17}}},"fnMap":{"0":{"name":"(anonymous_0)","decl":{"start":{"line":1,"column":20},"end":{"line":1,"column":21}},"loc":{"start":{"line":1,"column":32},"end":{"line":20,"column":1}},"line":1}},"branchMap":{"0":{"loc":{"start":{"line":3,"column":2},"end":{"line":5,"column":3}},"type":"if","locations":[{"start":{"line":3,"column":2},"end":{"line":5,"column":3}},{"start":{},"end":{}}],"line":3}},"s":{"0":0,"1":0,"2":0,"3":0,"4":0,"5":0,"6":0,"7":0,"8":0,"9":0},"f":{"0":0},"b":{"0":[0,0]}}
,"/home/kushagra.bajpai/Desktop/MajorProject/Frontend/src/pages/AddCsv.jsx": {"path":"/home/kushagra.bajpai/Desktop/MajorProject/Frontend/src/pages/AddCsv.jsx","statementMap":{"0":{"start":{"line":5,"column":18},"end":{"line":73,"column":1}},"1":{"start":{"line":6,"column":19},"end":{"line":6,"column":32}},"2":{"start":{"line":7,"column":26},"end":{"line":7,"column":40}},"3":{"start":{"line":8,"column":32},"end":{"line":8,"column":44}},"4":{"start":{"line":9,"column":16},"end":{"line":9,"column":45}},"5":{"start":{"line":10,"column":23},"end":{"line":52,"column":3}},"6":{"start":{"line":11,"column":4},"end":{"line":11,"column":23}},"7":{"start":{"line":12,"column":4},"end":{"line":15,"column":5}},"8":{"start":{"line":13,"column":6},"end":{"line":13,"column":52}},"9":{"start":{"line":14,"column":6},"end":{"line":14,"column":13}},"10":{"start":{"line":17,"column":21},"end":{"line":17,"column":35}},"11":{"start":{"line":18,"column":4},"end":{"line":18,"column":34}},"12":{"start":{"line":19,"column":4},"end":{"line":51,"column":5}},"13":{"start":{"line":20,"column":6},"end":{"line":20,"column":28}},"14":{"start":{"line":21,"column":23},"end":{"line":30,"column":7}},"15":{"start":{"line":31,"column":6},"end":{"line":31,"column":49}},"16":{"start":{"line":32,"column":6},"end":{"line":44,"column":7}},"17":{"start":{"line":34,"column":8},"end":{"line":34,"column":22}},"18":{"start":{"line":36,"column":29},"end":{"line":36,"column":49}},"19":{"start":{"line":37,"column":8},"end":{"line":43,"column":9}},"20":{"start":{"line":38,"column":10},"end":{"line":38,"column":39}},"21":{"start":{"line":39,"column":10},"end":{"line":39,"column":29}},"22":{"start":{"line":41,"column":10},"end":{"line":41,"column":33}},"23":{"start":{"line":42,"column":10},"end":{"line":42,"column":57}},"24":{"start":{"line":46,"column":6},"end":{"line":49,"column":7}},"25":{"start":{"line":47,"column":8},"end":{"line":47,"column":37}},"26":{"start":{"line":48,"column":8},"end":{"line":48,"column":27}},"27":{"start":{"line":50,"column":6},"end":{"line":50,"column":33}},"28":{"start":{"line":53,"column":2},"end":{"line":72,"column":4}},"29":{"start":{"line":60,"column":25},"end":{"line":60,"column":51}},"30":{"start":{"line":75,"column":16},"end":{"line":81,"column":1}},"31":{"start":{"line":76,"column":2},"end":{"line":80,"column":4}}},"fnMap":{"0":{"name":"(anonymous_0)","decl":{"start":{"line":5,"column":18},"end":{"line":5,"column":19}},"loc":{"start":{"line":5,"column":24},"end":{"line":73,"column":1}},"line":5},"1":{"name":"(anonymous_1)","decl":{"start":{"line":10,"column":23},"end":{"line":10,"column":24}},"loc":{"start":{"line":10,"column":35},"end":{"line":52,"column":3}},"line":10},"2":{"name":"(anonymous_2)","decl":{"start":{"line":60,"column":18},"end":{"line":60,"column":19}},"loc":{"start":{"line":60,"column":25},"end":{"line":60,"column":51}},"line":60},"3":{"name":"(anonymous_3)","decl":{"start":{"line":75,"column":16},"end":{"line":75,"column":17}},"loc":{"start":{"line":75,"column":22},"end":{"line":81,"column":1}},"line":75}},"branchMap":{"0":{"loc":{"start":{"line":12,"column":4},"end":{"line":15,"column":5}},"type":"if","locations":[{"start":{"line":12,"column":4},"end":{"line":15,"column":5}},{"start":{},"end":{}}],"line":12},"1":{"loc":{"start":{"line":32,"column":6},"end":{"line":44,"column":7}},"type":"if","locations":[{"start":{"line":32,"column":6},"end":{"line":44,"column":7}},{"start":{"line":35,"column":13},"end":{"line":44,"column":7}}],"line":32},"2":{"loc":{"start":{"line":37,"column":8},"end":{"line":43,"column":9}},"type":"if","locations":[{"start":{"line":37,"column":8},"end":{"line":43,"column":9}},{"start":{"line":40,"column":15},"end":{"line":43,"column":9}}],"line":37},"3":{"loc":{"start":{"line":46,"column":6},"end":{"line":49,"column":7}},"type":"if","locations":[{"start":{"line":46,"column":6},"end":{"line":49,"column":7}},{"start":{},"end":{}}],"line":46},"4":{"loc":{"start":{"line":70,"column":7},"end":{"line":70,"column":52}},"type":"cond-expr","locations":[{"start":{"line":70,"column":31},"end":{"line":70,"column":42}},{"start":{"line":70,"column":45},"end":{"line":70,"column":52}}],"line":70}},"s":{"0":0,"1":0,"2":0,"3":0,"4":0,"5":0,"6":0,"7":0,"8":0,"9":0,"10":0,"11":0,"12":0,"13":0,"14":0,"15":0,"16":0,"17":0,"18":0,"19":0,"20":0,"21":0,"22":0,"23":0,"24":0,"25":0,"26":0,"27":0,"28":0,"29":0,"30":0,"31":0},"f":{"0":0,"1":0,"2":0,"3":0},"b":{"0":[0,0],"1":[0,0],"2":[0,0],"3":[0,0],"4":[0,0]}}
,"/home/kushagra.bajpai/Desktop/MajorProject/Frontend/src/pages/BulkUpload.jsx": {"path":"/home/kushagra.bajpai/Desktop/MajorProject/Frontend/src/pages/BulkUpload.jsx","statementMap":{"0":{"start":{"line":5,"column":19},"end":{"line":32,"column":1}},"1":{"start":{"line":6,"column":30},"end":{"line":6,"column":44}},"2":{"start":{"line":8,"column":36},"end":{"line":8,"column":48}},"3":{"start":{"line":10,"column":20},"end":{"line":23,"column":3}},"4":{"start":{"line":11,"column":4},"end":{"line":22,"column":5}},"5":{"start":{"line":12,"column":23},"end":{"line":14,"column":7}},"6":{"start":{"line":15,"column":6},"end":{"line":17,"column":7}},"7":{"start":{"line":16,"column":8},"end":{"line":16,"column":42}},"8":{"start":{"line":20,"column":6},"end":{"line":20,"column":27}},"9":{"start":{"line":21,"column":6},"end":{"line":21,"column":33}},"10":{"start":{"line":24,"column":2},"end":{"line":26,"column":15}},"11":{"start":{"line":25,"column":4},"end":{"line":25,"column":16}},"12":{"start":{"line":27,"column":2},"end":{"line":31,"column":4}}},"fnMap":{"0":{"name":"(anonymous_0)","decl":{"start":{"line":5,"column":19},"end":{"line":5,"column":20}},"loc":{"start":{"line":5,"column":25},"end":{"line":32,"column":1}},"line":5},"1":{"name":"(anonymous_1)","decl":{"start":{"line":10,"column":20},"end":{"line":10,"column":21}},"loc":{"start":{"line":10,"column":32},"end":{"line":23,"column":3}},"line":10},"2":{"name":"(anonymous_2)","decl":{"start":{"line":24,"column":12},"end":{"line":24,"column":13}},"loc":{"start":{"line":24,"column":18},"end":{"line":26,"column":3}},"line":24}},"branchMap":{"0":{"loc":{"start":{"line":15,"column":6},"end":{"line":17,"column":7}},"type":"if","locations":[{"start":{"line":15,"column":6},"end":{"line":17,"column":7}},{"start":{},"end":{}}],"line":15}},"s":{"0":0,"1":0,"2":0,"3":0,"4":0,"5":0,"6":0,"7":0,"8":0,"9":0,"10":0,"11":0,"12":0},"f":{"0":0,"1":0,"2":0},"b":{"0":[0,0]}}
,"/home/kushagra.bajpai/Desktop/MajorProject/Frontend/src/pages/Create.jsx": {"path":"/home/kushagra.bajpai/Desktop/MajorProject/Frontend/src/pages/Create.jsx","statementMap":{"0":{"start":{"line":5,"column":15},"end":{"line":89,"column":1}},"1":{"start":{"line":6,"column":16},"end":{"line":6,"column":45}},"2":{"start":{"line":7,"column":19},"end":{"line":7,"column":32}},"3":{"start":{"line":9,"column":26},"end":{"line":18,"column":3}},"4":{"start":{"line":20,"column":34},"end":{"line":20,"column":59}},"5":{"start":{"line":22,"column":23},"end":{"line":28,"column":3}},"6":{"start":{"line":23,"column":28},"end":{"line":23,"column":36}},"7":{"start":{"line":24,"column":4},"end":{"line":27,"column":7}},"8":{"start":{"line":30,"column":23},"end":{"line":53,"column":3}},"9":{"start":{"line":31,"column":4},"end":{"line":31,"column":23}},"10":{"start":{"line":32,"column":4},"end":{"line":52,"column":5}},"11":{"start":{"line":33,"column":23},"end":{"line":41,"column":7}},"12":{"start":{"line":42,"column":6},"end":{"line":44,"column":7}},"13":{"start":{"line":43,"column":8},"end":{"line":43,"column":22}},"14":{"start":{"line":46,"column":6},"end":{"line":51,"column":7}},"15":{"start":{"line":47,"column":8},"end":{"line":47,"column":37}},"16":{"start":{"line":48,"column":8},"end":{"line":48,"column":27}},"17":{"start":{"line":50,"column":8},"end":{"line":50,"column":37}},"18":{"start":{"line":56,"column":4},"end":{"line":56,"column":138}},"19":{"start":{"line":58,"column":2},"end":{"line":88,"column":4}},"20":{"start":{"line":63,"column":10},"end":{"line":78,"column":16}}},"fnMap":{"0":{"name":"(anonymous_0)","decl":{"start":{"line":5,"column":15},"end":{"line":5,"column":16}},"loc":{"start":{"line":5,"column":21},"end":{"line":89,"column":1}},"line":5},"1":{"name":"(anonymous_1)","decl":{"start":{"line":22,"column":23},"end":{"line":22,"column":24}},"loc":{"start":{"line":22,"column":30},"end":{"line":28,"column":3}},"line":22},"2":{"name":"(anonymous_2)","decl":{"start":{"line":30,"column":23},"end":{"line":30,"column":24}},"loc":{"start":{"line":30,"column":36},"end":{"line":53,"column":3}},"line":30},"3":{"name":"(anonymous_3)","decl":{"start":{"line":62,"column":42},"end":{"line":62,"column":43}},"loc":{"start":{"line":63,"column":10},"end":{"line":78,"column":16}},"line":63}},"branchMap":{"0":{"loc":{"start":{"line":42,"column":6},"end":{"line":44,"column":7}},"type":"if","locations":[{"start":{"line":42,"column":6},"end":{"line":44,"column":7}},{"start":{},"end":{}}],"line":42},"1":{"loc":{"start":{"line":46,"column":6},"end":{"line":51,"column":7}},"type":"if","locations":[{"start":{"line":46,"column":6},"end":{"line":51,"column":7}},{"start":{"line":49,"column":13},"end":{"line":51,"column":7}}],"line":46},"2":{"loc":{"start":{"line":68,"column":18},"end":{"line":70,"column":28}},"type":"cond-expr","locations":[{"start":{"line":69,"column":22},"end":{"line":69,"column":30}},{"start":{"line":70,"column":22},"end":{"line":70,"column":28}}],"line":68},"3":{"loc":{"start":{"line":68,"column":18},"end":{"line":68,"column":72}},"type":"binary-expr","locations":[{"start":{"line":68,"column":18},"end":{"line":68,"column":32}},{"start":{"line":68,"column":36},"end":{"line":68,"column":51}},{"start":{"line":68,"column":55},"end":{"line":68,"column":72}}],"line":68}},"s":{"0":0,"1":0,"2":0,"3":0,"4":0,"5":0,"6":0,"7":0,"8":0,"9":0,"10":0,"11":0,"12":0,"13":0,"14":0,"15":0,"16":0,"17":0,"18":0,"19":0,"20":0},"f":{"0":0,"1":0,"2":0,"3":0},"b":{"0":[0,0],"1":[0,0],"2":[0,0],"3":[0,0,0]}}
,"/home/kushagra.bajpai/Desktop/MajorProject/Frontend/src/pages/EditRow.jsx": {"path":"/home/kushagra.bajpai/Desktop/MajorProject/Frontend/src/pages/EditRow.jsx","statementMap":{"0":{"start":{"line":5,"column":16},"end":{"line":91,"column":1}},"1":{"start":{"line":6,"column":19},"end":{"line":6,"column":32}},"2":{"start":{"line":7,"column":20},"end":{"line":7,"column":44}},"3":{"start":{"line":8,"column":16},"end":{"line":8,"column":45}},"4":{"start":{"line":9,"column":19},"end":{"line":9,"column":32}},"5":{"start":{"line":11,"column":26},"end":{"line":20,"column":3}},"6":{"start":{"line":22,"column":34},"end":{"line":22,"column":59}},"7":{"start":{"line":24,"column":23},"end":{"line":30,"column":3}},"8":{"start":{"line":25,"column":28},"end":{"line":25,"column":36}},"9":{"start":{"line":26,"column":4},"end":{"line":29,"column":7}},"10":{"start":{"line":32,"column":23},"end":{"line":55,"column":3}},"11":{"start":{"line":33,"column":4},"end":{"line":33,"column":23}},"12":{"start":{"line":34,"column":4},"end":{"line":54,"column":5}},"13":{"start":{"line":35,"column":23},"end":{"line":43,"column":7}},"14":{"start":{"line":44,"column":6},"end":{"line":46,"column":7}},"15":{"start":{"line":45,"column":8},"end":{"line":45,"column":22}},"16":{"start":{"line":48,"column":6},"end":{"line":53,"column":7}},"17":{"start":{"line":49,"column":8},"end":{"line":49,"column":37}},"18":{"start":{"line":50,"column":8},"end":{"line":50,"column":27}},"19":{"start":{"line":52,"column":8},"end":{"line":52,"column":37}},"20":{"start":{"line":58,"column":4},"end":{"line":58,"column":138}},"21":{"start":{"line":60,"column":2},"end":{"line":90,"column":4}},"22":{"start":{"line":65,"column":10},"end":{"line":80,"column":16}}},"fnMap":{"0":{"name":"(anonymous_0)","decl":{"start":{"line":5,"column":16},"end":{"line":5,"column":17}},"loc":{"start":{"line":5,"column":22},"end":{"line":91,"column":1}},"line":5},"1":{"name":"(anonymous_1)","decl":{"start":{"line":24,"column":23},"end":{"line":24,"column":24}},"loc":{"start":{"line":24,"column":30},"end":{"line":30,"column":3}},"line":24},"2":{"name":"(anonymous_2)","decl":{"start":{"line":32,"column":23},"end":{"line":32,"column":24}},"loc":{"start":{"line":32,"column":36},"end":{"line":55,"column":3}},"line":32},"3":{"name":"(anonymous_3)","decl":{"start":{"line":64,"column":42},"end":{"line":64,"column":43}},"loc":{"start":{"line":65,"column":10},"end":{"line":80,"column":16}},"line":65}},"branchMap":{"0":{"loc":{"start":{"line":12,"column":10},"end":{"line":12,"column":30}},"type":"binary-expr","locations":[{"start":{"line":12,"column":10},"end":{"line":12,"column":24}},{"start":{"line":12,"column":28},"end":{"line":12,"column":30}}],"line":12},"1":{"loc":{"start":{"line":13,"column":11},"end":{"line":13,"column":32}},"type":"binary-expr","locations":[{"start":{"line":13,"column":11},"end":{"line":13,"column":26}},{"start":{"line":13,"column":30},"end":{"line":13,"column":32}}],"line":13},"2":{"loc":{"start":{"line":14,"column":10},"end":{"line":14,"column":30}},"type":"binary-expr","locations":[{"start":{"line":14,"column":10},"end":{"line":14,"column":24}},{"start":{"line":14,"column":28},"end":{"line":14,"column":30}}],"line":14},"3":{"loc":{"start":{"line":15,"column":11},"end":{"line":15,"column":32}},"type":"binary-expr","locations":[{"start":{"line":15,"column":11},"end":{"line":15,"column":26}},{"start":{"line":15,"column":30},"end":{"line":15,"column":32}}],"line":15},"4":{"loc":{"start":{"line":16,"column":11},"end":{"line":16,"column":32}},"type":"binary-expr","locations":[{"start":{"line":16,"column":11},"end":{"line":16,"column":26}},{"start":{"line":16,"column":30},"end":{"line":16,"column":32}}],"line":16},"5":{"loc":{"start":{"line":17,"column":13},"end":{"line":17,"column":36}},"type":"binary-expr","locations":[{"start":{"line":17,"column":13},"end":{"line":17,"column":30}},{"start":{"line":17,"column":34},"end":{"line":17,"column":36}}],"line":17},"6":{"loc":{"start":{"line":18,"column":18},"end":{"line":18,"column":46}},"type":"binary-expr","locations":[{"start":{"line":18,"column":18},"end":{"line":18,"column":40}},{"start":{"line":18,"column":44},"end":{"line":18,"column":46}}],"line":18},"7":{"loc":{"start":{"line":19,"column":14},"end":{"line":19,"column":38}},"type":"binary-expr","locations":[{"start":{"line":19,"column":14},"end":{"line":19,"column":32}},{"start":{"line":19,"column":36},"end":{"line":19,"column":38}}],"line":19},"8":{"loc":{"start":{"line":44,"column":6},"end":{"line":46,"column":7}},"type":"if","locations":[{"start":{"line":44,"column":6},"end":{"line":46,"column":7}},{"start":{},"end":{}}],"line":44},"9":{"loc":{"start":{"line":48,"column":6},"end":{"line":53,"column":7}},"type":"if","locations":[{"start":{"line":48,"column":6},"end":{"line":53,"column":7}},{"start":{"line":51,"column":13},"end":{"line":53,"column":7}}],"line":48},"10":{"loc":{"start":{"line":70,"column":18},"end":{"line":72,"column":28}},"type":"cond-expr","locations":[{"start":{"line":71,"column":22},"end":{"line":71,"column":30}},{"start":{"line":72,"column":22},"end":{"line":72,"column":28}}],"line":70},"11":{"loc":{"start":{"line":70,"column":18},"end":{"line":70,"column":72}},"type":"binary-expr","locations":[{"start":{"line":70,"column":18},"end":{"line":70,"column":32}},{"start":{"line":70,"column":36},"end":{"line":70,"column":51}},{"start":{"line":70,"column":55},"end":{"line":70,"column":72}}],"line":70}},"s":{"0":0,"1":0,"2":0,"3":0,"4":0,"5":0,"6":0,"7":0,"8":0,"9":0,"10":0,"11":0,"12":0,"13":0,"14":0,"15":0,"16":0,"17":0,"18":0,"19":0,"20":0,"21":0,"22":0},"f":{"0":0,"1":0,"2":0,"3":0},"b":{"0":[0,0],"1":[0,0],"2":[0,0],"3":[0,0],"4":[0,0],"5":[0,0],"6":[0,0],"7":[0,0],"8":[0,0],"9":[0,0],"10":[0,0],"11":[0,0,0]}}
,"/home/kushagra.bajpai/Desktop/MajorProject/Frontend/src/pages/ErrorDetails.jsx": {"path":"/home/kushagra.bajpai/Desktop/MajorProject/Frontend/src/pages/ErrorDetails.jsx","statementMap":{"0":{"start":{"line":7,"column":21},"end":{"line":81,"column":1}},"1":{"start":{"line":8,"column":19},"end":{"line":8,"column":32}},"2":{"start":{"line":9,"column":19},"end":{"line":9,"column":42}},"3":{"start":{"line":10,"column":30},"end":{"line":10,"column":44}},"4":{"start":{"line":11,"column":38},"end":{"line":15,"column":4}},"5":{"start":{"line":17,"column":36},"end":{"line":17,"column":48}},"6":{"start":{"line":19,"column":20},"end":{"line":36,"column":3}},"7":{"start":{"line":20,"column":4},"end":{"line":35,"column":5}},"8":{"start":{"line":21,"column":23},"end":{"line":23,"column":7}},"9":{"start":{"line":24,"column":6},"end":{"line":26,"column":7}},"10":{"start":{"line":25,"column":8},"end":{"line":25,"column":42}},"11":{"start":{"line":27,"column":6},"end":{"line":27,"column":40}},"12":{"start":{"line":28,"column":6},"end":{"line":31,"column":10}},"13":{"start":{"line":28,"column":31},"end":{"line":31,"column":7}},"14":{"start":{"line":32,"column":6},"end":{"line":32,"column":23}},"15":{"start":{"line":34,"column":6},"end":{"line":34,"column":33}},"16":{"start":{"line":37,"column":2},"end":{"line":39,"column":15}},"17":{"start":{"line":38,"column":4},"end":{"line":38,"column":16}},"18":{"start":{"line":40,"column":26},"end":{"line":49,"column":3}},"19":{"start":{"line":41,"column":4},"end":{"line":48,"column":5}},"20":{"start":{"line":42,"column":6},"end":{"line":46,"column":10}},"21":{"start":{"line":42,"column":31},"end":{"line":46,"column":7}},"22":{"start":{"line":47,"column":6},"end":{"line":47,"column":22}},"23":{"start":{"line":50,"column":30},"end":{"line":59,"column":3}},"24":{"start":{"line":51,"column":4},"end":{"line":58,"column":5}},"25":{"start":{"line":52,"column":6},"end":{"line":56,"column":10}},"26":{"start":{"line":52,"column":31},"end":{"line":56,"column":7}},"27":{"start":{"line":57,"column":6},"end":{"line":57,"column":22}},"28":{"start":{"line":61,"column":2},"end":{"line":80,"column":4}}},"fnMap":{"0":{"name":"(anonymous_0)","decl":{"start":{"line":7,"column":21},"end":{"line":7,"column":22}},"loc":{"start":{"line":7,"column":27},"end":{"line":81,"column":1}},"line":7},"1":{"name":"(anonymous_1)","decl":{"start":{"line":19,"column":20},"end":{"line":19,"column":21}},"loc":{"start":{"line":19,"column":32},"end":{"line":36,"column":3}},"line":19},"2":{"name":"(anonymous_2)","decl":{"start":{"line":28,"column":20},"end":{"line":28,"column":21}},"loc":{"start":{"line":28,"column":31},"end":{"line":31,"column":7}},"line":28},"3":{"name":"(anonymous_3)","decl":{"start":{"line":37,"column":12},"end":{"line":37,"column":13}},"loc":{"start":{"line":37,"column":18},"end":{"line":39,"column":3}},"line":37},"4":{"name":"(anonymous_4)","decl":{"start":{"line":40,"column":26},"end":{"line":40,"column":27}},"loc":{"start":{"line":40,"column":32},"end":{"line":49,"column":3}},"line":40},"5":{"name":"(anonymous_5)","decl":{"start":{"line":42,"column":20},"end":{"line":42,"column":21}},"loc":{"start":{"line":42,"column":31},"end":{"line":46,"column":7}},"line":42},"6":{"name":"(anonymous_6)","decl":{"start":{"line":50,"column":30},"end":{"line":50,"column":31}},"loc":{"start":{"line":50,"column":36},"end":{"line":59,"column":3}},"line":50},"7":{"name":"(anonymous_7)","decl":{"start":{"line":52,"column":20},"end":{"line":52,"column":21}},"loc":{"start":{"line":52,"column":31},"end":{"line":56,"column":7}},"line":52}},"branchMap":{"0":{"loc":{"start":{"line":24,"column":6},"end":{"line":26,"column":7}},"type":"if","locations":[{"start":{"line":24,"column":6},"end":{"line":26,"column":7}},{"start":{},"end":{}}],"line":24},"1":{"loc":{"start":{"line":41,"column":4},"end":{"line":48,"column":5}},"type":"if","locations":[{"start":{"line":41,"column":4},"end":{"line":48,"column":5}},{"start":{},"end":{}}],"line":41},"2":{"loc":{"start":{"line":51,"column":4},"end":{"line":58,"column":5}},"type":"if","locations":[{"start":{"line":51,"column":4},"end":{"line":58,"column":5}},{"start":{},"end":{}}],"line":51}},"s":{"0":0,"1":0,"2":0,"3":0,"4":0,"5":0,"6":0,"7":0,"8":0,"9":0,"10":0,"11":0,"12":0,"13":0,"14":0,"15":0,"16":0,"17":0,"18":0,"19":0,"20":0,"21":0,"22":0,"23":0,"24":0,"25":0,"26":0,"27":0,"28":0},"f":{"0":0,"1":0,"2":0,"3":0,"4":0,"5":0,"6":0,"7":0},"b":{"0":[0,0],"1":[0,0],"2":[0,0]}}
,"/home/kushagra.bajpai/Desktop/MajorProject/Frontend/src/pages/HomePage.jsx": {"path":"/home/kushagra.bajpai/Desktop/MajorProject/Frontend/src/pages/HomePage.jsx","statementMap":{"0":{"start":{"line":8,"column":17},"end":{"line":152,"column":1}},"1":{"start":{"line":9,"column":36},"end":{"line":9,"column":48}},"2":{"start":{"line":10,"column":38},"end":{"line":14,"column":4}},"3":{"start":{"line":15,"column":26},"end":{"line":15,"column":38}},"4":{"start":{"line":16,"column":30},"end":{"line":16,"column":42}},"5":{"start":{"line":17,"column":30},"end":{"line":17,"column":44}},"6":{"start":{"line":18,"column":28},"end":{"line":21,"column":4}},"7":{"start":{"line":23,"column":20},"end":{"line":54,"column":3}},"8":{"start":{"line":24,"column":4},"end":{"line":53,"column":5}},"9":{"start":{"line":25,"column":23},"end":{"line":29,"column":7}},"10":{"start":{"line":30,"column":6},"end":{"line":32,"column":7}},"11":{"start":{"line":31,"column":8},"end":{"line":31,"column":42}},"12":{"start":{"line":34,"column":17},"end":{"line":34,"column":36}},"13":{"start":{"line":35,"column":6},"end":{"line":37,"column":7}},"14":{"start":{"line":36,"column":8},"end":{"line":36,"column":74}},"15":{"start":{"line":36,"column":36},"end":{"line":36,"column":72}},"16":{"start":{"line":39,"column":6},"end":{"line":43,"column":7}},"17":{"start":{"line":40,"column":8},"end":{"line":42,"column":11}},"18":{"start":{"line":41,"column":10},"end":{"line":41,"column":35}},"19":{"start":{"line":45,"column":6},"end":{"line":45,"column":25}},"20":{"start":{"line":46,"column":6},"end":{"line":49,"column":10}},"21":{"start":{"line":46,"column":31},"end":{"line":49,"column":7}},"22":{"start":{"line":50,"column":6},"end":{"line":50,"column":23}},"23":{"start":{"line":52,"column":6},"end":{"line":52,"column":33}},"24":{"start":{"line":56,"column":26},"end":{"line":64,"column":3}},"25":{"start":{"line":57,"column":23},"end":{"line":57,"column":72}},"26":{"start":{"line":58,"column":4},"end":{"line":63,"column":5}},"27":{"start":{"line":59,"column":6},"end":{"line":62,"column":10}},"28":{"start":{"line":59,"column":26},"end":{"line":62,"column":7}},"29":{"start":{"line":66,"column":30},"end":{"line":73,"column":3}},"30":{"start":{"line":67,"column":4},"end":{"line":72,"column":5}},"31":{"start":{"line":68,"column":6},"end":{"line":71,"column":10}},"32":{"start":{"line":68,"column":26},"end":{"line":71,"column":7}},"33":{"start":{"line":75,"column":2},"end":{"line":77,"column":15}},"34":{"start":{"line":76,"column":4},"end":{"line":76,"column":16}},"35":{"start":{"line":79,"column":19},"end":{"line":79,"column":21}},"36":{"start":{"line":80,"column":16},"end":{"line":80,"column":32}},"37":{"start":{"line":81,"column":21},"end":{"line":81,"column":70}},"38":{"start":{"line":82,"column":14},"end":{"line":82,"column":55}},"39":{"start":{"line":84,"column":2},"end":{"line":100,"column":3}},"40":{"start":{"line":84,"column":15},"end":{"line":84,"column":20}},"41":{"start":{"line":85,"column":4},"end":{"line":99,"column":6}},"42":{"start":{"line":90,"column":10},"end":{"line":93,"column":14}},"43":{"start":{"line":90,"column":35},"end":{"line":93,"column":11}},"44":{"start":{"line":94,"column":10},"end":{"line":94,"column":26}},"45":{"start":{"line":102,"column":2},"end":{"line":151,"column":4}},"46":{"start":{"line":133,"column":14},"end":{"line":137,"column":18}},"47":{"start":{"line":133,"column":39},"end":{"line":137,"column":15}},"48":{"start":{"line":138,"column":14},"end":{"line":138,"column":56}},"49":{"start":{"line":139,"column":14},"end":{"line":139,"column":30}}},"fnMap":{"0":{"name":"(anonymous_0)","decl":{"start":{"line":8,"column":17},"end":{"line":8,"column":18}},"loc":{"start":{"line":8,"column":23},"end":{"line":152,"column":1}},"line":8},"1":{"name":"(anonymous_1)","decl":{"start":{"line":23,"column":20},"end":{"line":23,"column":21}},"loc":{"start":{"line":23,"column":32},"end":{"line":54,"column":3}},"line":23},"2":{"name":"(anonymous_2)","decl":{"start":{"line":36,"column":27},"end":{"line":36,"column":28}},"loc":{"start":{"line":36,"column":36},"end":{"line":36,"column":72}},"line":36},"3":{"name":"(anonymous_3)","decl":{"start":{"line":40,"column":25},"end":{"line":40,"column":26}},"loc":{"start":{"line":40,"column":35},"end":{"line":42,"column":9}},"line":40},"4":{"name":"(anonymous_4)","decl":{"start":{"line":46,"column":20},"end":{"line":46,"column":21}},"loc":{"start":{"line":46,"column":31},"end":{"line":49,"column":7}},"line":46},"5":{"name":"(anonymous_5)","decl":{"start":{"line":56,"column":26},"end":{"line":56,"column":27}},"loc":{"start":{"line":56,"column":32},"end":{"line":64,"column":3}},"line":56},"6":{"name":"(anonymous_6)","decl":{"start":{"line":59,"column":15},"end":{"line":59,"column":16}},"loc":{"start":{"line":59,"column":26},"end":{"line":62,"column":7}},"line":59},"7":{"name":"(anonymous_7)","decl":{"start":{"line":66,"column":30},"end":{"line":66,"column":31}},"loc":{"start":{"line":66,"column":36},"end":{"line":73,"column":3}},"line":66},"8":{"name":"(anonymous_8)","decl":{"start":{"line":68,"column":15},"end":{"line":68,"column":16}},"loc":{"start":{"line":68,"column":26},"end":{"line":71,"column":7}},"line":68},"9":{"name":"(anonymous_9)","decl":{"start":{"line":75,"column":12},"end":{"line":75,"column":13}},"loc":{"start":{"line":75,"column":18},"end":{"line":77,"column":3}},"line":75},"10":{"name":"(anonymous_10)","decl":{"start":{"line":89,"column":17},"end":{"line":89,"column":18}},"loc":{"start":{"line":89,"column":23},"end":{"line":95,"column":9}},"line":89},"11":{"name":"(anonymous_11)","decl":{"start":{"line":90,"column":24},"end":{"line":90,"column":25}},"loc":{"start":{"line":90,"column":35},"end":{"line":93,"column":11}},"line":90},"12":{"name":"(anonymous_12)","decl":{"start":{"line":132,"column":22},"end":{"line":132,"column":23}},"loc":{"start":{"line":132,"column":29},"end":{"line":140,"column":13}},"line":132},"13":{"name":"(anonymous_13)","decl":{"start":{"line":133,"column":28},"end":{"line":133,"column":29}},"loc":{"start":{"line":133,"column":39},"end":{"line":137,"column":15}},"line":133}},"branchMap":{"0":{"loc":{"start":{"line":30,"column":6},"end":{"line":32,"column":7}},"type":"if","locations":[{"start":{"line":30,"column":6},"end":{"line":32,"column":7}},{"start":{},"end":{}}],"line":30},"1":{"loc":{"start":{"line":35,"column":6},"end":{"line":37,"column":7}},"type":"if","locations":[{"start":{"line":35,"column":6},"end":{"line":37,"column":7}},{"start":{},"end":{}}],"line":35},"2":{"loc":{"start":{"line":39,"column":6},"end":{"line":43,"column":7}},"type":"if","locations":[{"start":{"line":39,"column":6},"end":{"line":43,"column":7}},{"start":{},"end":{}}],"line":39},"3":{"loc":{"start":{"line":58,"column":4},"end":{"line":63,"column":5}},"type":"if","locations":[{"start":{"line":58,"column":4},"end":{"line":63,"column":5}},{"start":{},"end":{}}],"line":58},"4":{"loc":{"start":{"line":67,"column":4},"end":{"line":72,"column":5}},"type":"if","locations":[{"start":{"line":67,"column":4},"end":{"line":72,"column":5}},{"start":{},"end":{}}],"line":67}},"s":{"0":1,"1":2,"2":2,"3":2,"4":2,"5":2,"6":2,"7":2,"8":1,"9":1,"10":1,"11":1,"12":0,"13":0,"14":0,"15":0,"16":0,"17":0,"18":0,"19":0,"20":0,"21":0,"22":0,"23":1,"24":2,"25":0,"26":0,"27":0,"28":0,"29":2,"30":0,"31":0,"32":0,"33":2,"34":1,"35":2,"36":2,"37":2,"38":2,"39":2,"40":2,"41":0,"42":0,"43":0,"44":0,"45":2,"46":0,"47":0,"48":0,"49":0},"f":{"0":2,"1":1,"2":0,"3":0,"4":0,"5":0,"6":0,"7":0,"8":0,"9":1,"10":0,"11":0,"12":0,"13":0},"b":{"0":[1,0],"1":[0,0],"2":[0,0],"3":[0,0],"4":[0,0]},"_coverageSchema":"1a1c01bbd47fc00a2c39e90264f33305004495a9","hash":"cd49b6f0700ff963505d579df11f496eb9cee65d"}
,"/home/kushagra.bajpai/Desktop/MajorProject/Frontend/src/pages/Login.jsx": {"path":"/home/kushagra.bajpai/Desktop/MajorProject/Frontend/src/pages/Login.jsx","statementMap":{"0":{"start":{"line":5,"column":14},"end":{"line":144,"column":1}},"1":{"start":{"line":6,"column":19},"end":{"line":6,"column":32}},"2":{"start":{"line":7,"column":30},"end":{"line":10,"column":4}},"3":{"start":{"line":11,"column":32},"end":{"line":14,"column":4}},"4":{"start":{"line":15,"column":42},"end":{"line":15,"column":57}},"5":{"start":{"line":17,"column":23},"end":{"line":22,"column":3}},"6":{"start":{"line":18,"column":4},"end":{"line":21,"column":7}},"7":{"start":{"line":24,"column":23},"end":{"line":52,"column":3}},"8":{"start":{"line":25,"column":4},"end":{"line":25,"column":23}},"9":{"start":{"line":26,"column":4},"end":{"line":51,"column":5}},"10":{"start":{"line":27,"column":23},"end":{"line":33,"column":8}},"11":{"start":{"line":34,"column":6},"end":{"line":43,"column":7}},"12":{"start":{"line":35,"column":23},"end":{"line":35,"column":44}},"13":{"start":{"line":37,"column":8},"end":{"line":41,"column":11}},"14":{"start":{"line":42,"column":8},"end":{"line":42,"column":55}},"15":{"start":{"line":44,"column":21},"end":{"line":44,"column":42}},"16":{"start":{"line":45,"column":6},"end":{"line":45,"column":32}},"17":{"start":{"line":46,"column":20},"end":{"line":46,"column":32}},"18":{"start":{"line":47,"column":6},"end":{"line":47,"column":43}},"19":{"start":{"line":48,"column":6},"end":{"line":48,"column":20}},"20":{"start":{"line":50,"column":6},"end":{"line":50,"column":55}},"21":{"start":{"line":53,"column":2},"end":{"line":61,"column":9}},"22":{"start":{"line":54,"column":4},"end":{"line":60,"column":7}},"23":{"start":{"line":55,"column":6},"end":{"line":59,"column":7}},"24":{"start":{"line":56,"column":8},"end":{"line":56,"column":22}},"25":{"start":{"line":58,"column":8},"end":{"line":58,"column":27}},"26":{"start":{"line":63,"column":2},"end":{"line":143,"column":4}},"27":{"start":{"line":101,"column":31},"end":{"line":101,"column":61}}},"fnMap":{"0":{"name":"(anonymous_0)","decl":{"start":{"line":5,"column":14},"end":{"line":5,"column":15}},"loc":{"start":{"line":5,"column":20},"end":{"line":144,"column":1}},"line":5},"1":{"name":"(anonymous_1)","decl":{"start":{"line":17,"column":23},"end":{"line":17,"column":24}},"loc":{"start":{"line":17,"column":30},"end":{"line":22,"column":3}},"line":17},"2":{"name":"(anonymous_2)","decl":{"start":{"line":24,"column":23},"end":{"line":24,"column":24}},"loc":{"start":{"line":24,"column":36},"end":{"line":52,"column":3}},"line":24},"3":{"name":"(anonymous_3)","decl":{"start":{"line":53,"column":12},"end":{"line":53,"column":13}},"loc":{"start":{"line":53,"column":18},"end":{"line":61,"column":3}},"line":53},"4":{"name":"(anonymous_4)","decl":{"start":{"line":54,"column":23},"end":{"line":54,"column":24}},"loc":{"start":{"line":54,"column":32},"end":{"line":60,"column":5}},"line":54},"5":{"name":"(anonymous_5)","decl":{"start":{"line":101,"column":25},"end":{"line":101,"column":26}},"loc":{"start":{"line":101,"column":31},"end":{"line":101,"column":61}},"line":101}},"branchMap":{"0":{"loc":{"start":{"line":34,"column":6},"end":{"line":43,"column":7}},"type":"if","locations":[{"start":{"line":34,"column":6},"end":{"line":43,"column":7}},{"start":{},"end":{}}],"line":34},"1":{"loc":{"start":{"line":55,"column":6},"end":{"line":59,"column":7}},"type":"if","locations":[{"start":{"line":55,"column":6},"end":{"line":59,"column":7}},{"start":{"line":57,"column":13},"end":{"line":59,"column":7}}],"line":55},"2":{"loc":{"start":{"line":104,"column":17},"end":{"line":104,"column":47}},"type":"cond-expr","locations":[{"start":{"line":104,"column":32},"end":{"line":104,"column":38}},{"start":{"line":104,"column":41},"end":{"line":104,"column":47}}],"line":104},"3":{"loc":{"start":{"line":110,"column":22},"end":{"line":110,"column":56}},"type":"cond-expr","locations":[{"start":{"line":110,"column":37},"end":{"line":110,"column":43}},{"start":{"line":110,"column":46},"end":{"line":110,"column":56}}],"line":110},"4":{"loc":{"start":{"line":129,"column":11},"end":{"line":129,"column":51}},"type":"binary-expr","locations":[{"start":{"line":129,"column":11},"end":{"line":129,"column":30}},{"start":{"line":129,"column":34},"end":{"line":129,"column":51}}],"line":129}},"s":{"0":0,"1":0,"2":0,"3":0,"4":0,"5":0,"6":0,"7":0,"8":0,"9":0,"10":0,"11":0,"12":0,"13":0,"14":0,"15":0,"16":0,"17":0,"18":0,"19":0,"20":0,"21":0,"22":0,"23":0,"24":0,"25":0,"26":0,"27":0},"f":{"0":0,"1":0,"2":0,"3":0,"4":0,"5":0},"b":{"0":[0,0],"1":[0,0],"2":[0,0],"3":[0,0],"4":[0,0]}}
,"/home/kushagra.bajpai/Desktop/MajorProject/Frontend/src/pages/NavigationBar.jsx": {"path":"/home/kushagra.bajpai/Desktop/MajorProject/Frontend/src/pages/NavigationBar.jsx","statementMap":{"0":{"start":{"line":3,"column":15},"end":{"line":53,"column":1}},"1":{"start":{"line":4,"column":19},"end":{"line":4,"column":32}},"2":{"start":{"line":6,"column":17},"end":{"line":9,"column":3}},"3":{"start":{"line":7,"column":4},"end":{"line":7,"column":25}},"4":{"start":{"line":8,"column":4},"end":{"line":8,"column":23}},"5":{"start":{"line":11,"column":2},"end":{"line":52,"column":4}}},"fnMap":{"0":{"name":"(anonymous_0)","decl":{"start":{"line":3,"column":15},"end":{"line":3,"column":16}},"loc":{"start":{"line":3,"column":21},"end":{"line":53,"column":1}},"line":3},"1":{"name":"(anonymous_1)","decl":{"start":{"line":6,"column":17},"end":{"line":6,"column":18}},"loc":{"start":{"line":6,"column":23},"end":{"line":9,"column":3}},"line":6}},"branchMap":{},"s":{"0":0,"1":0,"2":0,"3":0,"4":0,"5":0},"f":{"0":0,"1":0},"b":{}}
,"/home/kushagra.bajpai/Desktop/MajorProject/Frontend/src/pages/Registration.jsx": {"path":"/home/kushagra.bajpai/Desktop/MajorProject/Frontend/src/pages/Registration.jsx","statementMap":{"0":{"start":{"line":4,"column":22},"end":{"line":8,"column":1}},"1":{"start":{"line":10,"column":21},"end":{"line":163,"column":1}},"2":{"start":{"line":11,"column":19},"end":{"line":11,"column":32}},"3":{"start":{"line":12,"column":38},"end":{"line":12,"column":61}},"4":{"start":{"line":13,"column":30},"end":{"line":13,"column":42}},"5":{"start":{"line":14,"column":42},"end":{"line":14,"column":56}},"6":{"start":{"line":15,"column":48},"end":{"line":15,"column":60}},"7":{"start":{"line":17,"column":19},"end":{"line":40,"column":3}},"8":{"start":{"line":18,"column":19},"end":{"line":18,"column":21}},"9":{"start":{"line":19,"column":4},"end":{"line":25,"column":5}},"10":{"start":{"line":20,"column":6},"end":{"line":20,"column":48}},"11":{"start":{"line":21,"column":11},"end":{"line":25,"column":5}},"12":{"start":{"line":24,"column":6},"end":{"line":24,"column":56}},"13":{"start":{"line":27,"column":4},"end":{"line":31,"column":5}},"14":{"start":{"line":28,"column":6},"end":{"line":28,"column":54}},"15":{"start":{"line":29,"column":11},"end":{"line":31,"column":5}},"16":{"start":{"line":30,"column":6},"end":{"line":30,"column":61}},"17":{"start":{"line":33,"column":4},"end":{"line":37,"column":5}},"18":{"start":{"line":34,"column":6},"end":{"line":34,"column":70}},"19":{"start":{"line":35,"column":11},"end":{"line":37,"column":5}},"20":{"start":{"line":36,"column":6},"end":{"line":36,"column":79}},"21":{"start":{"line":39,"column":4},"end":{"line":39,"column":18}},"22":{"start":{"line":42,"column":23},"end":{"line":48,"column":3}},"23":{"start":{"line":43,"column":28},"end":{"line":43,"column":36}},"24":{"start":{"line":44,"column":4},"end":{"line":47,"column":7}},"25":{"start":{"line":50,"column":23},"end":{"line":76,"column":3}},"26":{"start":{"line":51,"column":4},"end":{"line":51,"column":23}},"27":{"start":{"line":52,"column":29},"end":{"line":52,"column":39}},"28":{"start":{"line":53,"column":4},"end":{"line":53,"column":32}},"29":{"start":{"line":54,"column":4},"end":{"line":75,"column":5}},"30":{"start":{"line":55,"column":6},"end":{"line":74,"column":7}},"31":{"start":{"line":56,"column":25},"end":{"line":62,"column":10}},"32":{"start":{"line":63,"column":23},"end":{"line":63,"column":44}},"33":{"start":{"line":64,"column":8},"end":{"line":67,"column":9}},"34":{"start":{"line":65,"column":10},"end":{"line":65,"column":43}},"35":{"start":{"line":66,"column":10},"end":{"line":66,"column":57}},"36":{"start":{"line":68,"column":8},"end":{"line":68,"column":32}},"37":{"start":{"line":69,"column":8},"end":{"line":71,"column":17}},"38":{"start":{"line":70,"column":10},"end":{"line":70,"column":29}},"39":{"start":{"line":73,"column":8},"end":{"line":73,"column":35}},"40":{"start":{"line":78,"column":2},"end":{"line":162,"column":4}}},"fnMap":{"0":{"name":"(anonymous_0)","decl":{"start":{"line":10,"column":21},"end":{"line":10,"column":22}},"loc":{"start":{"line":10,"column":27},"end":{"line":163,"column":1}},"line":10},"1":{"name":"(anonymous_1)","decl":{"start":{"line":17,"column":19},"end":{"line":17,"column":20}},"loc":{"start":{"line":17,"column":25},"end":{"line":40,"column":3}},"line":17},"2":{"name":"(anonymous_2)","decl":{"start":{"line":42,"column":23},"end":{"line":42,"column":24}},"loc":{"start":{"line":42,"column":30},"end":{"line":48,"column":3}},"line":42},"3":{"name":"(anonymous_3)","decl":{"start":{"line":50,"column":23},"end":{"line":50,"column":24}},"loc":{"start":{"line":50,"column":36},"end":{"line":76,"column":3}},"line":50},"4":{"name":"(anonymous_4)","decl":{"start":{"line":69,"column":19},"end":{"line":69,"column":20}},"loc":{"start":{"line":69,"column":25},"end":{"line":71,"column":9}},"line":69}},"branchMap":{"0":{"loc":{"start":{"line":19,"column":4},"end":{"line":25,"column":5}},"type":"if","locations":[{"start":{"line":19,"column":4},"end":{"line":25,"column":5}},{"start":{"line":21,"column":11},"end":{"line":25,"column":5}}],"line":19},"1":{"loc":{"start":{"line":21,"column":11},"end":{"line":25,"column":5}},"type":"if","locations":[{"start":{"line":21,"column":11},"end":{"line":25,"column":5}},{"start":{},"end":{}}],"line":21},"2":{"loc":{"start":{"line":27,"column":4},"end":{"line":31,"column":5}},"type":"if","locations":[{"start":{"line":27,"column":4},"end":{"line":31,"column":5}},{"start":{"line":29,"column":11},"end":{"line":31,"column":5}}],"line":27},"3":{"loc":{"start":{"line":29,"column":11},"end":{"line":31,"column":5}},"type":"if","locations":[{"start":{"line":29,"column":11},"end":{"line":31,"column":5}},{"start":{},"end":{}}],"line":29},"4":{"loc":{"start":{"line":33,"column":4},"end":{"line":37,"column":5}},"type":"if","locations":[{"start":{"line":33,"column":4},"end":{"line":37,"column":5}},{"start":{"line":35,"column":11},"end":{"line":37,"column":5}}],"line":33},"5":{"loc":{"start":{"line":35,"column":11},"end":{"line":37,"column":5}},"type":"if","locations":[{"start":{"line":35,"column":11},"end":{"line":37,"column":5}},{"start":{},"end":{}}],"line":35},"6":{"loc":{"start":{"line":54,"column":4},"end":{"line":75,"column":5}},"type":"if","locations":[{"start":{"line":54,"column":4},"end":{"line":75,"column":5}},{"start":{},"end":{}}],"line":54},"7":{"loc":{"start":{"line":64,"column":8},"end":{"line":67,"column":9}},"type":"if","locations":[{"start":{"line":64,"column":8},"end":{"line":67,"column":9}},{"start":{},"end":{}}],"line":64},"8":{"loc":{"start":{"line":107,"column":17},"end":{"line":109,"column":17}},"type":"binary-expr","locations":[{"start":{"line":107,"column":17},"end":{"line":107,"column":29}},{"start":{"line":108,"column":18},"end":{"line":108,"column":75}}],"line":107},"9":{"loc":{"start":{"line":125,"column":17},"end":{"line":127,"column":17}},"type":"binary-expr","locations":[{"start":{"line":125,"column":17},"end":{"line":125,"column":32}},{"start":{"line":126,"column":18},"end":{"line":126,"column":78}}],"line":125},"10":{"loc":{"start":{"line":144,"column":13},"end":{"line":148,"column":13}},"type":"binary-expr","locations":[{"start":{"line":144,"column":13},"end":{"line":144,"column":36}},{"start":{"line":145,"column":14},"end":{"line":147,"column":18}}],"line":144},"11":{"loc":{"start":{"line":153,"column":15},"end":{"line":155,"column":36}},"type":"cond-expr","locations":[{"start":{"line":154,"column":18},"end":{"line":154,"column":50}},{"start":{"line":155,"column":18},"end":{"line":155,"column":36}}],"line":153}},"s":{"0":0,"1":0,"2":0,"3":0,"4":0,"5":0,"6":0,"7":0,"8":0,"9":0,"10":0,"11":0,"12":0,"13":0,"14":0,"15":0,"16":0,"17":0,"18":0,"19":0,"20":0,"21":0,"22":0,"23":0,"24":0,"25":0,"26":0,"27":0,"28":0,"29":0,"30":0,"31":0,"32":0,"33":0,"34":0,"35":0,"36":0,"37":0,"38":0,"39":0,"40":0},"f":{"0":0,"1":0,"2":0,"3":0,"4":0},"b":{"0":[0,0],"1":[0,0],"2":[0,0],"3":[0,0],"4":[0,0],"5":[0,0],"6":[0,0],"7":[0,0],"8":[0,0],"9":[0,0],"10":[0,0],"11":[0,0]}}
,"/home/kushagra.bajpai/Desktop/MajorProject/Frontend/src/pages/View.jsx": {"path":"/home/kushagra.bajpai/Desktop/MajorProject/Frontend/src/pages/View.jsx","statementMap":{"0":{"start":{"line":3,"column":13},"end":{"line":27,"column":1}},"1":{"start":{"line":4,"column":19},"end":{"line":4,"column":32}},"2":{"start":{"line":5,"column":20},"end":{"line":5,"column":44}},"3":{"start":{"line":7,"column":2},"end":{"line":26,"column":4}},"4":{"start":{"line":13,"column":12},"end":{"line":21,"column":18}}},"fnMap":{"0":{"name":"(anonymous_0)","decl":{"start":{"line":3,"column":13},"end":{"line":3,"column":14}},"loc":{"start":{"line":3,"column":19},"end":{"line":27,"column":1}},"line":3},"1":{"name":"(anonymous_1)","decl":{"start":{"line":12,"column":38},"end":{"line":12,"column":39}},"loc":{"start":{"line":13,"column":12},"end":{"line":21,"column":18}},"line":13}},"branchMap":{},"s":{"0":0,"1":0,"2":0,"3":0,"4":0},"f":{"0":0,"1":0},"b":{}}
,"/home/kushagra.bajpai/Desktop/MajorProject/Frontend/src/schema/index.jsx": {"path":"/home/kushagra.bajpai/Desktop/MajorProject/Frontend/src/schema/index.jsx","statementMap":{"0":{"start":{"line":2,"column":28},"end":{"line":23,"column":2}}},"fnMap":{},"branchMap":{},"s":{"0":0},"f":{},"b":{}}
}
